<?xml version="1.0" encoding="UTF-8" ?>
<testsuite failures="0" time="0.005" errors="0" skipped="0" tests="6" name="PrimeFinderTest">
  <properties>
[...]
</properties>
  <testcase time="0.002" classname="PrimeFinderTest" name="findSquareRootNegativeNumberTest"/>
  <testcase time="0" classname="PrimeFinderTest" name="findPrimeTest"/>
  <testcase time="0.002" classname="PrimeFinderTest" name="findPrimeTimeOutTest"/>
  <testcase time="0" classname="PrimeFinderTest" name="findPrimeNegativeValueTest"/>
  <testcase time="0.001" classname="PrimeFinderTest" name="isPrimeTest"/>
  <testcase time="0" classname="PrimeFinderTest" name="findSquareRootTest"/>
</testsuite>